2024-06-12 08:05:29,449:WARNING : Warning: visualization (Tensorboard) is configured to use, but currently not installed on this machine. Please install TensorboardX with 'pip install tensorboardx', upgrade PyTorch to version >= 1.1 to use 'torch.utils.tensorboard' or turn off the option in the 'config.json' file.
2024-06-12 08:05:29,510:INFO : Number of trainable parameters in each layer: 
 3456
 128
 128
 128
 589824
 512
 512
 512
 2359296
 512
 512
 512
 2359296
 512
 512
 512
 2359296
 512
 512
 512
 262144
 512
 5120
 10
 Total number of parameters is 7945482
2024-06-12 08:05:29,514:INFO : ------------ New Training Session ------------
2024-06-12 08:05:29,514:DEBUG : ==> Start Training Epoch 1/25, lr=0.002000 
2024-06-12 08:06:13,587:DEBUG : ==> Finished Epoch 1/25.
2024-06-12 08:06:13,588:DEBUG : ++> Evaluate at epoch 1 ...
2024-06-12 08:06:30,232:DEBUG : ++> Finished evaluating epoch 1.
2024-06-12 08:06:30,232:INFO : Saving checkpoint: Saved\CIFAR10_CNN_q3b_p1\best_val_model.pth ...
2024-06-12 08:06:30,265:INFO : Checkpoint saved.
2024-06-12 08:06:30,265:INFO : Saved model on eval based on eval_loss at this step. Previous: inf, Current: 1.2427349853515626
2024-06-12 08:06:30,266:INFO :     epoch: 1.00000
2024-06-12 08:06:30,266:INFO :     loss: 1.57931
2024-06-12 08:06:30,266:INFO :     top1: 0.40802
2024-06-12 08:06:30,266:INFO :     top5: 0.88864
2024-06-12 08:06:30,266:INFO :     eval_loss: 1.24273
2024-06-12 08:06:30,266:INFO :     eval_top1: 0.54080
2024-06-12 08:06:30,266:INFO :     eval_top5: 0.95640
2024-06-12 08:06:30,266:DEBUG : ==> Start Training Epoch 2/25, lr=0.002000 
2024-06-12 08:07:14,320:DEBUG : ==> Finished Epoch 2/25.
2024-06-12 08:07:14,320:DEBUG : ++> Evaluate at epoch 2 ...
2024-06-12 08:07:31,243:DEBUG : ++> Finished evaluating epoch 2.
2024-06-12 08:07:31,243:INFO : Saving checkpoint: Saved\CIFAR10_CNN_q3b_p1\best_val_model.pth ...
2024-06-12 08:07:31,277:INFO : Checkpoint saved.
2024-06-12 08:07:31,278:INFO : Saved model on eval based on eval_loss at this step. Previous: 1.2427349853515626, Current: 1.084611496925354
2024-06-12 08:07:31,278:INFO :     epoch: 2.00000
2024-06-12 08:07:31,278:INFO :     loss: 1.17553
2024-06-12 08:07:31,278:INFO :     top1: 0.57640
2024-06-12 08:07:31,278:INFO :     top5: 0.95242
2024-06-12 08:07:31,278:INFO :     eval_loss: 1.08461
2024-06-12 08:07:31,278:INFO :     eval_top1: 0.61700
2024-06-12 08:07:31,278:INFO :     eval_top5: 0.95500
2024-06-12 08:07:31,278:DEBUG : ==> Start Training Epoch 3/25, lr=0.002000 
2024-06-12 08:08:15,499:DEBUG : ==> Finished Epoch 3/25.
2024-06-12 08:08:15,500:DEBUG : ++> Evaluate at epoch 3 ...
2024-06-12 08:08:32,387:DEBUG : ++> Finished evaluating epoch 3.
2024-06-12 08:08:32,387:INFO :     epoch: 3.00000
2024-06-12 08:08:32,387:INFO :     loss: 1.02392
2024-06-12 08:08:32,387:INFO :     top1: 0.63824
2024-06-12 08:08:32,387:INFO :     top5: 0.96476
2024-06-12 08:08:32,387:INFO :     eval_loss: 1.11147
2024-06-12 08:08:32,387:INFO :     eval_top1: 0.61820
2024-06-12 08:08:32,387:INFO :     eval_top5: 0.94920
2024-06-12 08:08:32,387:DEBUG : ==> Start Training Epoch 4/25, lr=0.002000 
2024-06-12 08:09:16,053:DEBUG : ==> Finished Epoch 4/25.
2024-06-12 08:09:16,053:DEBUG : ++> Evaluate at epoch 4 ...
2024-06-12 08:09:32,917:DEBUG : ++> Finished evaluating epoch 4.
2024-06-12 08:09:32,917:INFO : Saving checkpoint: Saved\CIFAR10_CNN_q3b_p1\best_val_model.pth ...
2024-06-12 08:09:32,949:INFO : Checkpoint saved.
2024-06-12 08:09:32,949:INFO : Saved model on eval based on eval_loss at this step. Previous: 1.084611496925354, Current: 0.9071467351913453
2024-06-12 08:09:32,949:INFO :     epoch: 4.00000
2024-06-12 08:09:32,949:INFO :     loss: 0.90974
2024-06-12 08:09:32,949:INFO :     top1: 0.68084
2024-06-12 08:09:32,949:INFO :     top5: 0.97289
2024-06-12 08:09:32,949:INFO :     eval_loss: 0.90715
2024-06-12 08:09:32,949:INFO :     eval_top1: 0.67620
2024-06-12 08:09:32,949:INFO :     eval_top5: 0.97760
2024-06-12 08:09:32,949:DEBUG : ==> Start Training Epoch 5/25, lr=0.002000 
2024-06-12 08:10:16,591:DEBUG : ==> Finished Epoch 5/25.
2024-06-12 08:10:16,591:DEBUG : ++> Evaluate at epoch 5 ...
2024-06-12 08:10:33,479:DEBUG : ++> Finished evaluating epoch 5.
2024-06-12 08:10:33,479:INFO : Saving checkpoint: Saved\CIFAR10_CNN_q3b_p1\best_val_model.pth ...
2024-06-12 08:10:33,511:INFO : Checkpoint saved.
2024-06-12 08:10:33,511:INFO : Saved model on eval based on eval_loss at this step. Previous: 0.9071467351913453, Current: 0.7831832337379455
2024-06-12 08:10:33,511:INFO :     epoch: 5.00000
2024-06-12 08:10:33,511:INFO :     loss: 0.83437
2024-06-12 08:10:33,511:INFO :     top1: 0.71191
2024-06-12 08:10:33,511:INFO :     top5: 0.97624
2024-06-12 08:10:33,511:INFO :     eval_loss: 0.78318
2024-06-12 08:10:33,511:INFO :     eval_top1: 0.73560
2024-06-12 08:10:33,511:INFO :     eval_top5: 0.98160
2024-06-12 08:10:33,511:DEBUG : ==> Start Training Epoch 6/25, lr=0.001600 
2024-06-12 08:11:17,144:DEBUG : ==> Finished Epoch 6/25.
2024-06-12 08:11:17,144:DEBUG : ++> Evaluate at epoch 6 ...
2024-06-12 08:11:33,854:DEBUG : ++> Finished evaluating epoch 6.
2024-06-12 08:11:33,854:INFO : Saving checkpoint: Saved\CIFAR10_CNN_q3b_p1\best_val_model.pth ...
2024-06-12 08:11:33,892:INFO : Checkpoint saved.
2024-06-12 08:11:33,892:INFO : Saved model on eval based on eval_loss at this step. Previous: 0.7831832337379455, Current: 0.7150585079193115
2024-06-12 08:11:33,892:INFO :     epoch: 6.00000
2024-06-12 08:11:33,892:INFO :     loss: 0.72964
2024-06-12 08:11:33,892:INFO :     top1: 0.74800
2024-06-12 08:11:33,892:INFO :     top5: 0.98158
2024-06-12 08:11:33,892:INFO :     eval_loss: 0.71506
2024-06-12 08:11:33,892:INFO :     eval_top1: 0.76240
2024-06-12 08:11:33,892:INFO :     eval_top5: 0.98420
2024-06-12 08:11:33,892:DEBUG : ==> Start Training Epoch 7/25, lr=0.001600 
2024-06-12 08:12:17,690:DEBUG : ==> Finished Epoch 7/25.
2024-06-12 08:12:17,690:DEBUG : ++> Evaluate at epoch 7 ...
2024-06-12 08:12:34,384:DEBUG : ++> Finished evaluating epoch 7.
2024-06-12 08:12:34,384:INFO : Saving checkpoint: Saved\CIFAR10_CNN_q3b_p1\best_val_model.pth ...
2024-06-12 08:12:34,416:INFO : Checkpoint saved.
2024-06-12 08:12:34,416:INFO : Saved model on eval based on eval_loss at this step. Previous: 0.7150585079193115, Current: 0.6311054039001465
2024-06-12 08:12:34,416:INFO :     epoch: 7.00000
2024-06-12 08:12:34,416:INFO :     loss: 0.67584
2024-06-12 08:12:34,416:INFO :     top1: 0.76769
2024-06-12 08:12:34,416:INFO :     top5: 0.98464
2024-06-12 08:12:34,416:INFO :     eval_loss: 0.63111
2024-06-12 08:12:34,416:INFO :     eval_top1: 0.78240
2024-06-12 08:12:34,416:INFO :     eval_top5: 0.98840
2024-06-12 08:12:34,416:DEBUG : ==> Start Training Epoch 8/25, lr=0.001600 
2024-06-12 08:13:18,092:DEBUG : ==> Finished Epoch 8/25.
2024-06-12 08:13:18,092:DEBUG : ++> Evaluate at epoch 8 ...
2024-06-12 08:13:36,199:DEBUG : ++> Finished evaluating epoch 8.
2024-06-12 08:13:36,199:INFO : Saving checkpoint: Saved\CIFAR10_CNN_q3b_p1\best_val_model.pth ...
2024-06-12 08:13:36,236:INFO : Checkpoint saved.
2024-06-12 08:13:36,236:INFO : Saved model on eval based on eval_loss at this step. Previous: 0.6311054039001465, Current: 0.6232971405982971
2024-06-12 08:13:36,236:INFO :     epoch: 8.00000
2024-06-12 08:13:36,236:INFO :     loss: 0.63151
2024-06-12 08:13:36,236:INFO :     top1: 0.78360
2024-06-12 08:13:36,236:INFO :     top5: 0.98584
2024-06-12 08:13:36,236:INFO :     eval_loss: 0.62330
2024-06-12 08:13:36,236:INFO :     eval_top1: 0.78860
2024-06-12 08:13:36,236:INFO :     eval_top5: 0.98740
2024-06-12 08:13:36,236:DEBUG : ==> Start Training Epoch 9/25, lr=0.001600 
2024-06-12 08:14:20,505:DEBUG : ==> Finished Epoch 9/25.
2024-06-12 08:14:20,510:DEBUG : ++> Evaluate at epoch 9 ...
2024-06-12 08:14:37,325:DEBUG : ++> Finished evaluating epoch 9.
2024-06-12 08:14:37,325:INFO :     epoch: 9.00000
2024-06-12 08:14:37,325:INFO :     loss: 0.59823
2024-06-12 08:14:37,325:INFO :     top1: 0.79473
2024-06-12 08:14:37,325:INFO :     top5: 0.98796
2024-06-12 08:14:37,325:INFO :     eval_loss: 0.62334
2024-06-12 08:14:37,325:INFO :     eval_top1: 0.79040
2024-06-12 08:14:37,325:INFO :     eval_top5: 0.98720
2024-06-12 08:14:37,325:DEBUG : ==> Start Training Epoch 10/25, lr=0.001600 
2024-06-12 08:15:21,004:DEBUG : ==> Finished Epoch 10/25.
2024-06-12 08:15:21,004:DEBUG : ++> Evaluate at epoch 10 ...
2024-06-12 08:15:37,942:DEBUG : ++> Finished evaluating epoch 10.
2024-06-12 08:15:37,942:INFO : Saving checkpoint: Saved\CIFAR10_CNN_q3b_p1\best_val_model.pth ...
2024-06-12 08:15:37,973:INFO : Checkpoint saved.
2024-06-12 08:15:37,973:INFO : Saved model on eval based on eval_loss at this step. Previous: 0.6232971405982971, Current: 0.5915685868263245
2024-06-12 08:15:37,973:INFO :     epoch: 10.00000
2024-06-12 08:15:37,973:INFO :     loss: 0.56732
2024-06-12 08:15:37,973:INFO :     top1: 0.80440
2024-06-12 08:15:37,973:INFO :     top5: 0.98958
2024-06-12 08:15:37,973:INFO :     eval_loss: 0.59157
2024-06-12 08:15:37,973:INFO :     eval_top1: 0.79940
2024-06-12 08:15:37,973:INFO :     eval_top5: 0.98680
2024-06-12 08:15:37,973:INFO : Saving checkpoint: Saved\CIFAR10_CNN_q3b_p1\E10_model.pth ...
2024-06-12 08:15:38,005:INFO : Checkpoint saved.
2024-06-12 08:15:38,005:DEBUG : ==> Start Training Epoch 11/25, lr=0.001280 
2024-06-12 08:16:21,793:DEBUG : ==> Finished Epoch 11/25.
2024-06-12 08:16:21,793:DEBUG : ++> Evaluate at epoch 11 ...
2024-06-12 08:16:38,466:DEBUG : ++> Finished evaluating epoch 11.
2024-06-12 08:16:38,466:INFO : Saving checkpoint: Saved\CIFAR10_CNN_q3b_p1\best_val_model.pth ...
2024-06-12 08:16:38,498:INFO : Checkpoint saved.
2024-06-12 08:16:38,498:INFO : Saved model on eval based on eval_loss at this step. Previous: 0.5915685868263245, Current: 0.5313727915287018
2024-06-12 08:16:38,498:INFO :     epoch: 11.00000
2024-06-12 08:16:38,498:INFO :     loss: 0.49466
2024-06-12 08:16:38,498:INFO :     top1: 0.83096
2024-06-12 08:16:38,498:INFO :     top5: 0.99162
2024-06-12 08:16:38,498:INFO :     eval_loss: 0.53137
2024-06-12 08:16:38,498:INFO :     eval_top1: 0.81980
2024-06-12 08:16:38,498:INFO :     eval_top5: 0.99020
2024-06-12 08:16:38,498:DEBUG : ==> Start Training Epoch 12/25, lr=0.001280 
2024-06-12 08:17:22,120:DEBUG : ==> Finished Epoch 12/25.
2024-06-12 08:17:22,126:DEBUG : ++> Evaluate at epoch 12 ...
2024-06-12 08:17:38,809:DEBUG : ++> Finished evaluating epoch 12.
2024-06-12 08:17:38,809:INFO :     epoch: 12.00000
2024-06-12 08:17:38,809:INFO :     loss: 0.47765
2024-06-12 08:17:38,809:INFO :     top1: 0.83542
2024-06-12 08:17:38,809:INFO :     top5: 0.99200
2024-06-12 08:17:38,809:INFO :     eval_loss: 0.55017
2024-06-12 08:17:38,809:INFO :     eval_top1: 0.81620
2024-06-12 08:17:38,809:INFO :     eval_top5: 0.99120
2024-06-12 08:17:38,809:DEBUG : ==> Start Training Epoch 13/25, lr=0.001280 
2024-06-12 08:18:22,757:DEBUG : ==> Finished Epoch 13/25.
2024-06-12 08:18:22,757:DEBUG : ++> Evaluate at epoch 13 ...
2024-06-12 08:18:39,558:DEBUG : ++> Finished evaluating epoch 13.
2024-06-12 08:18:39,558:INFO : Saving checkpoint: Saved\CIFAR10_CNN_q3b_p1\best_val_model.pth ...
2024-06-12 08:18:39,590:INFO : Checkpoint saved.
2024-06-12 08:18:39,590:INFO : Saved model on eval based on eval_loss at this step. Previous: 0.5313727915287018, Current: 0.520185774564743
2024-06-12 08:18:39,590:INFO :     epoch: 13.00000
2024-06-12 08:18:39,590:INFO :     loss: 0.45288
2024-06-12 08:18:39,590:INFO :     top1: 0.84518
2024-06-12 08:18:39,590:INFO :     top5: 0.99253
2024-06-12 08:18:39,590:INFO :     eval_loss: 0.52019
2024-06-12 08:18:39,590:INFO :     eval_top1: 0.82900
2024-06-12 08:18:39,590:INFO :     eval_top5: 0.99040
2024-06-12 08:18:39,590:DEBUG : ==> Start Training Epoch 14/25, lr=0.001280 
2024-06-12 08:19:23,272:DEBUG : ==> Finished Epoch 14/25.
2024-06-12 08:19:23,272:DEBUG : ++> Evaluate at epoch 14 ...
2024-06-12 08:19:40,383:DEBUG : ++> Finished evaluating epoch 14.
2024-06-12 08:19:40,383:INFO :     epoch: 14.00000
2024-06-12 08:19:40,383:INFO :     loss: 0.43692
2024-06-12 08:19:40,383:INFO :     top1: 0.85102
2024-06-12 08:19:40,383:INFO :     top5: 0.99342
2024-06-12 08:19:40,383:INFO :     eval_loss: 0.61675
2024-06-12 08:19:40,384:INFO :     eval_top1: 0.80440
2024-06-12 08:19:40,384:INFO :     eval_top5: 0.98840
2024-06-12 08:19:40,384:DEBUG : ==> Start Training Epoch 15/25, lr=0.001280 
2024-06-12 08:20:24,217:DEBUG : ==> Finished Epoch 15/25.
2024-06-12 08:20:24,218:DEBUG : ++> Evaluate at epoch 15 ...
2024-06-12 08:20:41,288:DEBUG : ++> Finished evaluating epoch 15.
2024-06-12 08:20:41,288:INFO :     epoch: 15.00000
2024-06-12 08:20:41,288:INFO :     loss: 0.41742
2024-06-12 08:20:41,288:INFO :     top1: 0.85647
2024-06-12 08:20:41,288:INFO :     top5: 0.99431
2024-06-12 08:20:41,288:INFO :     eval_loss: 0.52702
2024-06-12 08:20:41,288:INFO :     eval_top1: 0.82420
2024-06-12 08:20:41,289:INFO :     eval_top5: 0.98840
2024-06-12 08:20:41,289:DEBUG : ==> Start Training Epoch 16/25, lr=0.001024 
2024-06-12 08:21:25,370:DEBUG : ==> Finished Epoch 16/25.
2024-06-12 08:21:25,371:DEBUG : ++> Evaluate at epoch 16 ...
2024-06-12 08:21:42,455:DEBUG : ++> Finished evaluating epoch 16.
2024-06-12 08:21:42,455:INFO : Saving checkpoint: Saved\CIFAR10_CNN_q3b_p1\best_val_model.pth ...
2024-06-12 08:21:42,490:INFO : Checkpoint saved.
2024-06-12 08:21:42,491:INFO : Saved model on eval based on eval_loss at this step. Previous: 0.520185774564743, Current: 0.510493756532669
2024-06-12 08:21:42,491:INFO :     epoch: 16.00000
2024-06-12 08:21:42,491:INFO :     loss: 0.35147
2024-06-12 08:21:42,491:INFO :     top1: 0.87956
2024-06-12 08:21:42,491:INFO :     top5: 0.99593
2024-06-12 08:21:42,491:INFO :     eval_loss: 0.51049
2024-06-12 08:21:42,491:INFO :     eval_top1: 0.82860
2024-06-12 08:21:42,491:INFO :     eval_top5: 0.99060
2024-06-12 08:21:42,491:DEBUG : ==> Start Training Epoch 17/25, lr=0.001024 
2024-06-12 08:22:26,530:DEBUG : ==> Finished Epoch 17/25.
2024-06-12 08:22:26,531:DEBUG : ++> Evaluate at epoch 17 ...
2024-06-12 08:22:43,390:DEBUG : ++> Finished evaluating epoch 17.
2024-06-12 08:22:43,390:INFO :     epoch: 17.00000
2024-06-12 08:22:43,391:INFO :     loss: 0.34066
2024-06-12 08:22:43,391:INFO :     top1: 0.88278
2024-06-12 08:22:43,391:INFO :     top5: 0.99636
2024-06-12 08:22:43,391:INFO :     eval_loss: 0.52792
2024-06-12 08:22:43,391:INFO :     eval_top1: 0.83160
2024-06-12 08:22:43,391:INFO :     eval_top5: 0.98940
2024-06-12 08:22:43,391:DEBUG : ==> Start Training Epoch 18/25, lr=0.001024 
2024-06-12 08:23:27,275:DEBUG : ==> Finished Epoch 18/25.
2024-06-12 08:23:27,275:DEBUG : ++> Evaluate at epoch 18 ...
2024-06-12 08:23:44,197:DEBUG : ++> Finished evaluating epoch 18.
2024-06-12 08:23:44,198:INFO :     epoch: 18.00000
2024-06-12 08:23:44,198:INFO :     loss: 0.32519
2024-06-12 08:23:44,198:INFO :     top1: 0.88871
2024-06-12 08:23:44,198:INFO :     top5: 0.99673
2024-06-12 08:23:44,198:INFO :     eval_loss: 0.55674
2024-06-12 08:23:44,198:INFO :     eval_top1: 0.82440
2024-06-12 08:23:44,198:INFO :     eval_top5: 0.98800
2024-06-12 08:23:44,198:DEBUG : ==> Start Training Epoch 19/25, lr=0.001024 
2024-06-12 08:24:28,248:DEBUG : ==> Finished Epoch 19/25.
2024-06-12 08:24:28,249:DEBUG : ++> Evaluate at epoch 19 ...
2024-06-12 08:24:45,294:DEBUG : ++> Finished evaluating epoch 19.
2024-06-12 08:24:45,294:INFO :     epoch: 19.00000
2024-06-12 08:24:45,295:INFO :     loss: 0.31349
2024-06-12 08:24:45,295:INFO :     top1: 0.89138
2024-06-12 08:24:45,295:INFO :     top5: 0.99704
2024-06-12 08:24:45,295:INFO :     eval_loss: 0.55532
2024-06-12 08:24:45,295:INFO :     eval_top1: 0.82160
2024-06-12 08:24:45,295:INFO :     eval_top5: 0.98840
2024-06-12 08:24:45,295:DEBUG : ==> Start Training Epoch 20/25, lr=0.001024 
2024-06-12 08:25:28,962:DEBUG : ==> Finished Epoch 20/25.
2024-06-12 08:25:28,963:DEBUG : ++> Evaluate at epoch 20 ...
2024-06-12 08:25:45,849:DEBUG : ++> Finished evaluating epoch 20.
2024-06-12 08:25:45,849:INFO :     epoch: 20.00000
2024-06-12 08:25:45,849:INFO :     loss: 0.30574
2024-06-12 08:25:45,850:INFO :     top1: 0.89542
2024-06-12 08:25:45,850:INFO :     top5: 0.99693
2024-06-12 08:25:45,850:INFO :     eval_loss: 0.53403
2024-06-12 08:25:45,850:INFO :     eval_top1: 0.82460
2024-06-12 08:25:45,850:INFO :     eval_top5: 0.99040
2024-06-12 08:25:45,850:INFO : Saving checkpoint: Saved\CIFAR10_CNN_q3b_p1\E20_model.pth ...
2024-06-12 08:25:45,883:INFO : Checkpoint saved.
2024-06-12 08:25:45,883:DEBUG : ==> Start Training Epoch 21/25, lr=0.000819 
2024-06-12 08:26:29,768:DEBUG : ==> Finished Epoch 21/25.
2024-06-12 08:26:29,768:DEBUG : ++> Evaluate at epoch 21 ...
2024-06-12 08:26:46,812:DEBUG : ++> Finished evaluating epoch 21.
2024-06-12 08:26:46,812:INFO :     epoch: 21.00000
2024-06-12 08:26:46,812:INFO :     loss: 0.24726
2024-06-12 08:26:46,812:INFO :     top1: 0.91431
2024-06-12 08:26:46,812:INFO :     top5: 0.99840
2024-06-12 08:26:46,812:INFO :     eval_loss: 0.55030
2024-06-12 08:26:46,812:INFO :     eval_top1: 0.83160
2024-06-12 08:26:46,812:INFO :     eval_top5: 0.99000
2024-06-12 08:26:46,813:DEBUG : ==> Start Training Epoch 22/25, lr=0.000819 
2024-06-12 08:27:30,669:DEBUG : ==> Finished Epoch 22/25.
2024-06-12 08:27:30,670:DEBUG : ++> Evaluate at epoch 22 ...
2024-06-12 08:27:47,576:DEBUG : ++> Finished evaluating epoch 22.
2024-06-12 08:27:47,576:INFO :     epoch: 22.00000
2024-06-12 08:27:47,576:INFO :     loss: 0.23397
2024-06-12 08:27:47,576:INFO :     top1: 0.92067
2024-06-12 08:27:47,576:INFO :     top5: 0.99836
2024-06-12 08:27:47,576:INFO :     eval_loss: 0.54080
2024-06-12 08:27:47,576:INFO :     eval_top1: 0.83440
2024-06-12 08:27:47,576:INFO :     eval_top5: 0.98900
2024-06-12 08:27:47,577:DEBUG : ==> Start Training Epoch 23/25, lr=0.000819 
2024-06-12 08:28:31,657:DEBUG : ==> Finished Epoch 23/25.
2024-06-12 08:28:31,658:DEBUG : ++> Evaluate at epoch 23 ...
2024-06-12 08:28:48,754:DEBUG : ++> Finished evaluating epoch 23.
2024-06-12 08:28:48,754:INFO :     epoch: 23.00000
2024-06-12 08:28:48,754:INFO :     loss: 0.22866
2024-06-12 08:28:48,754:INFO :     top1: 0.92156
2024-06-12 08:28:48,754:INFO :     top5: 0.99856
2024-06-12 08:28:48,754:INFO :     eval_loss: 0.55238
2024-06-12 08:28:48,754:INFO :     eval_top1: 0.82920
2024-06-12 08:28:48,754:INFO :     eval_top5: 0.99000
2024-06-12 08:28:48,754:DEBUG : ==> Start Training Epoch 24/25, lr=0.000819 
2024-06-12 08:29:32,784:DEBUG : ==> Finished Epoch 24/25.
2024-06-12 08:29:32,784:DEBUG : ++> Evaluate at epoch 24 ...
2024-06-12 08:29:49,672:DEBUG : ++> Finished evaluating epoch 24.
2024-06-12 08:29:49,672:INFO :     epoch: 24.00000
2024-06-12 08:29:49,672:INFO :     loss: 0.22881
2024-06-12 08:29:49,672:INFO :     top1: 0.92178
2024-06-12 08:29:49,672:INFO :     top5: 0.99836
2024-06-12 08:29:49,672:INFO :     eval_loss: 0.55877
2024-06-12 08:29:49,672:INFO :     eval_top1: 0.82740
2024-06-12 08:29:49,672:INFO :     eval_top5: 0.99040
2024-06-12 08:29:49,673:DEBUG : ==> Start Training Epoch 25/25, lr=0.000819 
2024-06-12 08:30:33,541:DEBUG : ==> Finished Epoch 25/25.
2024-06-12 08:30:33,542:DEBUG : ++> Evaluate at epoch 25 ...
2024-06-12 08:30:50,707:DEBUG : ++> Finished evaluating epoch 25.
2024-06-12 08:30:50,707:INFO :     epoch: 25.00000
2024-06-12 08:30:50,707:INFO :     loss: 0.21552
2024-06-12 08:30:50,707:INFO :     top1: 0.92593
2024-06-12 08:30:50,707:INFO :     top5: 0.99858
2024-06-12 08:30:50,707:INFO :     eval_loss: 0.60182
2024-06-12 08:30:50,707:INFO :     eval_top1: 0.81580
2024-06-12 08:30:50,707:INFO :     eval_top5: 0.99040
2024-06-12 08:30:50,707:INFO : Saving checkpoint: Saved\CIFAR10_CNN_q3b_p1\last_model.pth ...
2024-06-12 08:30:50,741:INFO : Checkpoint saved.
2024-06-12 08:30:50,741:INFO : Loading checkpoint: ./Saved/CIFAR10_CNN_q3b_p1/best_val_model.pth ...
2024-06-12 08:30:50,771:INFO : Checkpoint loaded.
2024-06-12 08:30:50,771:DEBUG : ++> Evaluate at epoch 25 ...
2024-06-12 08:31:06,565:DEBUG : ++> Finished evaluating epoch 25.
